<?xml version="1.0" encoding="UTF-8"?>
<testsuites name="jest tests" tests="2" failures="0" errors="0" time="0.705">
  <testsuite name="undefined" errors="0" failures="0" skipped="0" timestamp="2025-07-13T07:40:43" time="0.41" tests="2">
    <testcase classname=" submitting valid form navigates to welcome page" name=" submitting valid form navigates to welcome page" time="0.028">
    </testcase>
    <testcase classname=" submitting invalid loan amount displays error message" name=" submitting invalid loan amount displays error message" time="0.009">
    </testcase>
  </testsuite>
</testsuites>